# JRE version: 7.0_17-b02
# Java VM: Java HotSpot(TM) 64-Bit Server VM (23.7-b01 mixed mode windows-amd64 compressed oops)
Heap
 PSYoungGen      total 231680K, used 218094K [0x00000000f0000000, 0x0000000100000000, 0x0000000100000000)
  eden space 201216K, 99% used [0x00000000f0000000,0x00000000fc2c6390,0x00000000fc480000)
  from space 30464K, 61% used [0x00000000fc480000,0x00000000fd6b5738,0x00000000fe240000)
  to   space 30464K, 52% used [0x00000000fe240000,0x00000000ff1e5f98,0x0000000100000000)
 ParOldGen       total 150720K, used 115492K [0x00000000d0000000, 0x00000000d9330000, 0x00000000f0000000)
  object space 150720K, 76% used [0x00000000d0000000,0x00000000d70c90b0,0x00000000d9330000)
 PSPermGen       total 88064K, used 77710K [0x00000000c0000000, 0x00000000c5600000, 0x00000000d0000000)
  object space 88064K, 88% used [0x00000000c0000000,0x00000000c4be3b48,0x00000000c5600000)
GC Heap History (10 events):
Event: 19.872 GC heap after
Heap after GC invocations=46 (full 5):
 PSYoungGen      total 227136K, used 13980K [0x00000000f0000000, 0x00000000fff40000, 0x0000000100000000)
  eden space 195584K, 0% used [0x00000000f0000000,0x00000000f0000000,0x00000000fbf00000)
  from space 31552K, 44% used [0x00000000fbf00000,0x00000000fcca7098,0x00000000fddd0000)
  to   space 30144K, 0% used [0x00000000fe1d0000,0x00000000fe1d0000,0x00000000fff40000)
 ParOldGen       total 150720K, used 108498K [0x00000000d0000000, 0x00000000d9330000, 0x00000000f0000000)
  object space 150720K, 71% used [0x00000000d0000000,0x00000000d69f4b40,0x00000000d9330000)
 PSPermGen       total 88064K, used 72058K [0x00000000c0000000, 0x00000000c5600000, 0x00000000d0000000)
  object space 88064K, 81% used [0x00000000c0000000,0x00000000c465e810,0x00000000c5600000)
}
Event: 20.148 GC heap before
{Heap before GC invocations=47 (full 5):
 PSYoungGen      total 227136K, used 206608K [0x00000000f0000000, 0x00000000fff40000, 0x0000000100000000)
  eden space 195584K, 98% used [0x00000000f0000000,0x00000000fbc1cf90,0x00000000fbf00000)
  from space 31552K, 44% used [0x00000000fbf00000,0x00000000fcca7098,0x00000000fddd0000)
  to   space 30144K, 0% used [0x00000000fe1d0000,0x00000000fe1d0000,0x00000000fff40000)
 ParOldGen       total 150720K, used 108498K [0x00000000d0000000, 0x00000000d9330000, 0x00000000f0000000)
  object space 150720K, 71% used [0x00000000d0000000,0x00000000d69f4b40,0x00000000d9330000)
 PSPermGen       total 88064K, used 73307K [0x00000000c0000000, 0x00000000c5600000, 0x00000000d0000000)
  object space 88064K, 83% used [0x00000000c0000000,0x00000000c4796d08,0x00000000c5600000)
Event: 20.162 GC heap after
Heap after GC invocations=47 (full 5):
 PSYoungGen      total 229440K, used 16815K [0x00000000f0000000, 0x00000000ffe20000, 0x0000000100000000)
  eden space 200448K, 0% used [0x00000000f0000000,0x00000000f0000000,0x00000000fc3c0000)
  from space 28992K, 57% used [0x00000000fe1d0000,0x00000000ff23bcd0,0x00000000ffe20000)
  to   space 29888K, 0% used [0x00000000fc3c0000,0x00000000fc3c0000,0x00000000fe0f0000)
 ParOldGen       total 150720K, used 108498K [0x00000000d0000000, 0x00000000d9330000, 0x00000000f0000000)
  object space 150720K, 71% used [0x00000000d0000000,0x00000000d69f4b40,0x00000000d9330000)
 PSPermGen       total 88064K, used 73307K [0x00000000c0000000, 0x00000000c5600000, 0x00000000d0000000)
  object space 88064K, 83% used [0x00000000c0000000,0x00000000c4796d08,0x00000000c5600000)
}
Event: 20.447 GC heap before
{Heap before GC invocations=48 (full 5):
 PSYoungGen      total 229440K, used 213776K [0x00000000f0000000, 0x00000000ffe20000, 0x0000000100000000)
  eden space 200448K, 98% used [0x00000000f0000000,0x00000000fc058450,0x00000000fc3c0000)
  from space 28992K, 57% used [0x00000000fe1d0000,0x00000000ff23bcd0,0x00000000ffe20000)
  to   space 29888K, 0% used [0x00000000fc3c0000,0x00000000fc3c0000,0x00000000fe0f0000)
 ParOldGen       total 150720K, used 108498K [0x00000000d0000000, 0x00000000d9330000, 0x00000000f0000000)
  object space 150720K, 71% used [0x00000000d0000000,0x00000000d69f4b40,0x00000000d9330000)
 PSPermGen       total 88064K, used 74859K [0x00000000c0000000, 0x00000000c5600000, 0x00000000d0000000)
  object space 88064K, 85% used [0x00000000c0000000,0x00000000c491ae60,0x00000000c5600000)
Event: 20.463 GC heap after
Heap after GC invocations=48 (full 5):
 PSYoungGen      total 230336K, used 18225K [0x00000000f0000000, 0x0000000100000000, 0x0000000100000000)
  eden space 200448K, 0% used [0x00000000f0000000,0x00000000f0000000,0x00000000fc3c0000)
  from space 29888K, 60% used [0x00000000fc3c0000,0x00000000fd58c730,0x00000000fe0f0000)
  to   space 30080K, 0% used [0x00000000fe2a0000,0x00000000fe2a0000,0x0000000100000000)
 ParOldGen       total 150720K, used 108506K [0x00000000d0000000, 0x00000000d9330000, 0x00000000f0000000)
  object space 150720K, 71% used [0x00000000d0000000,0x00000000d69f6b40,0x00000000d9330000)
 PSPermGen       total 88064K, used 74859K [0x00000000c0000000, 0x00000000c5600000, 0x00000000d0000000)
  object space 88064K, 85% used [0x00000000c0000000,0x00000000c491ae60,0x00000000c5600000)
}
Event: 20.608 GC heap before
{Heap before GC invocations=49 (full 5):
 PSYoungGen      total 230336K, used 214205K [0x00000000f0000000, 0x0000000100000000, 0x0000000100000000)
  eden space 200448K, 97% used [0x00000000f0000000,0x00000000fbf62fc8,0x00000000fc3c0000)
  from space 29888K, 60% used [0x00000000fc3c0000,0x00000000fd58c730,0x00000000fe0f0000)
  to   space 30080K, 0% used [0x00000000fe2a0000,0x00000000fe2a0000,0x0000000100000000)
 ParOldGen       total 150720K, used 108506K [0x00000000d0000000, 0x00000000d9330000, 0x00000000f0000000)
  object space 150720K, 71% used [0x00000000d0000000,0x00000000d69f6b40,0x00000000d9330000)
 PSPermGen       total 88064K, used 75277K [0x00000000c0000000, 0x00000000c5600000, 0x00000000d0000000)
  object space 88064K, 85% used [0x00000000c0000000,0x00000000c49836f0,0x00000000c5600000)
Event: 20.624 GC heap after
Heap after GC invocations=49 (full 5):
 PSYoungGen      total 231296K, used 19223K [0x00000000f0000000, 0x0000000100000000, 0x0000000100000000)
  eden space 201216K, 0% used [0x00000000f0000000,0x00000000f0000000,0x00000000fc480000)
  from space 30080K, 63% used [0x00000000fe2a0000,0x00000000ff565db0,0x0000000100000000)
  to   space 30464K, 0% used [0x00000000fc480000,0x00000000fc480000,0x00000000fe240000)
 ParOldGen       total 150720K, used 108506K [0x00000000d0000000, 0x00000000d9330000, 0x00000000f0000000)
  object space 150720K, 71% used [0x00000000d0000000,0x00000000d69f6b40,0x00000000d9330000)
 PSPermGen       total 88064K, used 75277K [0x00000000c0000000, 0x00000000c5600000, 0x00000000d0000000)
  object space 88064K, 85% used [0x00000000c0000000,0x00000000c49836f0,0x00000000c5600000)
}
Event: 20.903 GC heap before
{Heap before GC invocations=50 (full 5):
 PSYoungGen      total 231296K, used 218532K [0x00000000f0000000, 0x0000000100000000, 0x0000000100000000)
  eden space 201216K, 99% used [0x00000000f0000000,0x00000000fc2a34c0,0x00000000fc480000)
  from space 30080K, 63% used [0x00000000fe2a0000,0x00000000ff565db0,0x0000000100000000)
  to   space 30464K, 0% used [0x00000000fc480000,0x00000000fc480000,0x00000000fe240000)
 ParOldGen       total 150720K, used 108506K [0x00000000d0000000, 0x00000000d9330000, 0x00000000f0000000)
  object space 150720K, 71% used [0x00000000d0000000,0x00000000d69f6b40,0x00000000d9330000)
 PSPermGen       total 88064K, used 77175K [0x00000000c0000000, 0x00000000c5600000, 0x00000000d0000000)
  object space 88064K, 87% used [0x00000000c0000000,0x00000000c4b5dfd0,0x00000000c5600000)
Event: 20.922 GC heap after
Heap after GC invocations=50 (full 5):
 PSYoungGen      total 231680K, used 18645K [0x00000000f0000000, 0x0000000100000000, 0x0000000100000000)
  eden space 201216K, 0% used [0x00000000f0000000,0x00000000f0000000,0x00000000fc480000)
  from space 30464K, 61% used [0x00000000fc480000,0x00000000fd6b5738,0x00000000fe240000)
  to   space 30464K, 0% used [0x00000000fe240000,0x00000000fe240000,0x0000000100000000)
 ParOldGen       total 150720K, used 112638K [0x00000000d0000000, 0x00000000d9330000, 0x00000000f0000000)
  object space 150720K, 74% used [0x00000000d0000000,0x00000000d6dff900,0x00000000d9330000)
 PSPermGen       total 88064K, used 77175K [0x00000000c0000000, 0x00000000c5600000, 0x00000000d0000000)
  object space 88064K, 87% used [0x00000000c0000000,0x00000000c4b5dfd0,0x00000000c5600000)
}
Event: 21.028 GC heap before
{Heap before GC invocations=51 (full 5):
 PSYoungGen      total 231680K, used 218094K [0x00000000f0000000, 0x0000000100000000, 0x0000000100000000)
  eden space 201216K, 99% used [0x00000000f0000000,0x00000000fc2c6390,0x00000000fc480000)
  from space 30464K, 61% used [0x00000000fc480000,0x00000000fd6b5738,0x00000000fe240000)
  to   space 30464K, 0% used [0x00000000fe240000,0x00000000fe240000,0x0000000100000000)
 ParOldGen       total 150720K, used 112638K [0x00000000d0000000, 0x00000000d9330000, 0x00000000f0000000)
  object space 150720K, 74% used [0x00000000d0000000,0x00000000d6dff900,0x00000000d9330000)
 PSPermGen       total 88064K, used 77710K [0x00000000c0000000, 0x00000000c5600000, 0x00000000d0000000)
  object space 88064K, 88% used [0x00000000c0000000,0x00000000c4be3b48,0x00000000c5600000)

