# JRE version: 7.0_17-b02
# Java VM: Java HotSpot(TM) 64-Bit Server VM (23.7-b01 mixed mode windows-amd64 compressed oops)
Heap
 PSYoungGen      total 235008K, used 223305K [0x00000000f0000000, 0x0000000100000000, 0x0000000100000000)
  eden space 210688K, 97% used [0x00000000f0000000,0x00000000fc87ef60,0x00000000fcdc0000)
  from space 24320K, 74% used [0x00000000fe840000,0x00000000ff9d34b8,0x0000000100000000)
  to   space 25728K, 71% used [0x00000000fcdc0000,0x00000000fdfaa730,0x00000000fe6e0000)
 ParOldGen       total 161728K, used 112467K [0x00000000d0000000, 0x00000000d9df0000, 0x00000000f0000000)
  object space 161728K, 69% used [0x00000000d0000000,0x00000000d6dd4fd8,0x00000000d9df0000)
 PSPermGen       total 94528K, used 78943K [0x00000000c0000000, 0x00000000c5c50000, 0x00000000d0000000)
  object space 94528K, 83% used [0x00000000c0000000,0x00000000c4d17e10,0x00000000c5c50000)
GC Heap History (10 events):
Event: 21.759 GC heap after
Heap after GC invocations=47 (full 5):
 PSYoungGen      total 233664K, used 9170K [0x00000000f0000000, 0x00000000ffc40000, 0x0000000100000000)
  eden space 211584K, 0% used [0x00000000f0000000,0x00000000f0000000,0x00000000fcea0000)
  from space 22080K, 41% used [0x00000000fe6b0000,0x00000000fefa4b60,0x00000000ffc40000)
  to   space 23360K, 0% used [0x00000000fcea0000,0x00000000fcea0000,0x00000000fe570000)
 ParOldGen       total 161728K, used 112459K [0x00000000d0000000, 0x00000000d9df0000, 0x00000000f0000000)
  object space 161728K, 69% used [0x00000000d0000000,0x00000000d6dd2fd8,0x00000000d9df0000)
 PSPermGen       total 94528K, used 72134K [0x00000000c0000000, 0x00000000c5c50000, 0x00000000d0000000)
  object space 94528K, 76% used [0x00000000c0000000,0x00000000c46719e0,0x00000000c5c50000)
}
Event: 22.001 GC heap before
{Heap before GC invocations=48 (full 5):
 PSYoungGen      total 233664K, used 218801K [0x00000000f0000000, 0x00000000ffc40000, 0x0000000100000000)
  eden space 211584K, 99% used [0x00000000f0000000,0x00000000fccb7958,0x00000000fcea0000)
  from space 22080K, 41% used [0x00000000fe6b0000,0x00000000fefa4b60,0x00000000ffc40000)
  to   space 23360K, 0% used [0x00000000fcea0000,0x00000000fcea0000,0x00000000fe570000)
 ParOldGen       total 161728K, used 112459K [0x00000000d0000000, 0x00000000d9df0000, 0x00000000f0000000)
  object space 161728K, 69% used [0x00000000d0000000,0x00000000d6dd2fd8,0x00000000d9df0000)
 PSPermGen       total 94528K, used 73642K [0x00000000c0000000, 0x00000000c5c50000, 0x00000000d0000000)
  object space 94528K, 77% used [0x00000000c0000000,0x00000000c47eabe0,0x00000000c5c50000)
Event: 22.012 GC heap after
Heap after GC invocations=48 (full 5):
 PSYoungGen      total 234944K, used 11918K [0x00000000f0000000, 0x0000000100000000, 0x0000000100000000)
  eden space 211584K, 0% used [0x00000000f0000000,0x00000000f0000000,0x00000000fcea0000)
  from space 23360K, 51% used [0x00000000fcea0000,0x00000000fda439c8,0x00000000fe570000)
  to   space 22976K, 0% used [0x00000000fe990000,0x00000000fe990000,0x0000000100000000)
 ParOldGen       total 161728K, used 112459K [0x00000000d0000000, 0x00000000d9df0000, 0x00000000f0000000)
  object space 161728K, 69% used [0x00000000d0000000,0x00000000d6dd2fd8,0x00000000d9df0000)
 PSPermGen       total 94528K, used 73642K [0x00000000c0000000, 0x00000000c5c50000, 0x00000000d0000000)
  object space 94528K, 77% used [0x00000000c0000000,0x00000000c47eabe0,0x00000000c5c50000)
}
Event: 22.254 GC heap before
{Heap before GC invocations=49 (full 5):
 PSYoungGen      total 234944K, used 218960K [0x00000000f0000000, 0x0000000100000000, 0x0000000100000000)
  eden space 211584K, 97% used [0x00000000f0000000,0x00000000fca30788,0x00000000fcea0000)
  from space 23360K, 51% used [0x00000000fcea0000,0x00000000fda439c8,0x00000000fe570000)
  to   space 22976K, 0% used [0x00000000fe990000,0x00000000fe990000,0x0000000100000000)
 ParOldGen       total 161728K, used 112459K [0x00000000d0000000, 0x00000000d9df0000, 0x00000000f0000000)
  object space 161728K, 69% used [0x00000000d0000000,0x00000000d6dd2fd8,0x00000000d9df0000)
 PSPermGen       total 94528K, used 74915K [0x00000000c0000000, 0x00000000c5c50000, 0x00000000d0000000)
  object space 94528K, 79% used [0x00000000c0000000,0x00000000c4928d58,0x00000000c5c50000)
Event: 22.267 GC heap after
Heap after GC invocations=49 (full 5):
 PSYoungGen      total 238528K, used 13226K [0x00000000f0000000, 0x00000000fffc0000, 0x0000000100000000)
  eden space 215808K, 0% used [0x00000000f0000000,0x00000000f0000000,0x00000000fd2c0000)
  from space 22720K, 58% used [0x00000000fe990000,0x00000000ff67a878,0x00000000fffc0000)
  to   space 23040K, 0% used [0x00000000fd2c0000,0x00000000fd2c0000,0x00000000fe940000)
 ParOldGen       total 161728K, used 112459K [0x00000000d0000000, 0x00000000d9df0000, 0x00000000f0000000)
  object space 161728K, 69% used [0x00000000d0000000,0x00000000d6dd2fd8,0x00000000d9df0000)
 PSPermGen       total 94528K, used 74915K [0x00000000c0000000, 0x00000000c5c50000, 0x00000000d0000000)
  object space 94528K, 79% used [0x00000000c0000000,0x00000000c4928d58,0x00000000c5c50000)
}
Event: 22.557 GC heap before
{Heap before GC invocations=50 (full 5):
 PSYoungGen      total 238528K, used 221099K [0x00000000f0000000, 0x00000000fffc0000, 0x0000000100000000)
  eden space 215808K, 96% used [0x00000000f0000000,0x00000000fcb00730,0x00000000fd2c0000)
  from space 22720K, 58% used [0x00000000fe990000,0x00000000ff67a878,0x00000000fffc0000)
  to   space 23040K, 0% used [0x00000000fd2c0000,0x00000000fd2c0000,0x00000000fe940000)
 ParOldGen       total 161728K, used 112459K [0x00000000d0000000, 0x00000000d9df0000, 0x00000000f0000000)
  object space 161728K, 69% used [0x00000000d0000000,0x00000000d6dd2fd8,0x00000000d9df0000)
 PSPermGen       total 94528K, used 76309K [0x00000000c0000000, 0x00000000c5c50000, 0x00000000d0000000)
  object space 94528K, 80% used [0x00000000c0000000,0x00000000c4a85460,0x00000000c5c50000)
Event: 22.572 GC heap after
Heap after GC invocations=50 (full 5):
 PSYoungGen      total 232448K, used 16602K [0x00000000f0000000, 0x0000000100000000, 0x0000000100000000)
  eden space 215808K, 0% used [0x00000000f0000000,0x00000000f0000000,0x00000000fd2c0000)
  from space 16640K, 99% used [0x00000000fd2c0000,0x00000000fe2f6960,0x00000000fe300000)
  to   space 24320K, 0% used [0x00000000fe840000,0x00000000fe840000,0x0000000100000000)
 ParOldGen       total 161728K, used 112467K [0x00000000d0000000, 0x00000000d9df0000, 0x00000000f0000000)
  object space 161728K, 69% used [0x00000000d0000000,0x00000000d6dd4fd8,0x00000000d9df0000)
 PSPermGen       total 94528K, used 76309K [0x00000000c0000000, 0x00000000c5c50000, 0x00000000d0000000)
  object space 94528K, 80% used [0x00000000c0000000,0x00000000c4a85460,0x00000000c5c50000)
}
Event: 22.722 GC heap before
{Heap before GC invocations=51 (full 5):
 PSYoungGen      total 232448K, used 230520K [0x00000000f0000000, 0x0000000100000000, 0x0000000100000000)
  eden space 215808K, 99% used [0x00000000f0000000,0x00000000fd0e7748,0x00000000fd2c0000)
  from space 16640K, 99% used [0x00000000fd2c0000,0x00000000fe2f6960,0x00000000fe300000)
  to   space 24320K, 0% used [0x00000000fe840000,0x00000000fe840000,0x0000000100000000)
 ParOldGen       total 161728K, used 112467K [0x00000000d0000000, 0x00000000d9df0000, 0x00000000f0000000)
  object space 161728K, 69% used [0x00000000d0000000,0x00000000d6dd4fd8,0x00000000d9df0000)
 PSPermGen       total 94528K, used 77247K [0x00000000c0000000, 0x00000000c5c50000, 0x00000000d0000000)
  object space 94528K, 81% used [0x00000000c0000000,0x00000000c4b6fd68,0x00000000c5c50000)
Event: 22.736 GC heap after
Heap after GC invocations=51 (full 5):
 PSYoungGen      total 235008K, used 17997K [0x00000000f0000000, 0x0000000100000000, 0x0000000100000000)
  eden space 210688K, 0% used [0x00000000f0000000,0x00000000f0000000,0x00000000fcdc0000)
  from space 24320K, 74% used [0x00000000fe840000,0x00000000ff9d34b8,0x0000000100000000)
  to   space 25728K, 0% used [0x00000000fcdc0000,0x00000000fcdc0000,0x00000000fe6e0000)
 ParOldGen       total 161728K, used 112467K [0x00000000d0000000, 0x00000000d9df0000, 0x00000000f0000000)
  object space 161728K, 69% used [0x00000000d0000000,0x00000000d6dd4fd8,0x00000000d9df0000)
 PSPermGen       total 94528K, used 77247K [0x00000000c0000000, 0x00000000c5c50000, 0x00000000d0000000)
  object space 94528K, 81% used [0x00000000c0000000,0x00000000c4b6fd68,0x00000000c5c50000)
}
Event: 23.146 GC heap before
{Heap before GC invocations=52 (full 5):
 PSYoungGen      total 235008K, used 223305K [0x00000000f0000000, 0x0000000100000000, 0x0000000100000000)
  eden space 210688K, 97% used [0x00000000f0000000,0x00000000fc87ef60,0x00000000fcdc0000)
  from space 24320K, 74% used [0x00000000fe840000,0x00000000ff9d34b8,0x0000000100000000)
  to   space 25728K, 0% used [0x00000000fcdc0000,0x00000000fcdc0000,0x00000000fe6e0000)
 ParOldGen       total 161728K, used 112467K [0x00000000d0000000, 0x00000000d9df0000, 0x00000000f0000000)
  object space 161728K, 69% used [0x00000000d0000000,0x00000000d6dd4fd8,0x00000000d9df0000)
 PSPermGen       total 94528K, used 78943K [0x00000000c0000000, 0x00000000c5c50000, 0x00000000d0000000)
  object space 94528K, 83% used [0x00000000c0000000,0x00000000c4d17e10,0x00000000c5c50000)

