# JRE version: 7.0_17-b02
# Java VM: Java HotSpot(TM) 64-Bit Server VM (23.7-b01 mixed mode windows-amd64 compressed oops)
Heap
 PSYoungGen      total 214400K, used 182104K [0x00000000f0000000, 0x00000000ffa80000, 0x0000000100000000)
  eden space 175552K, 97% used [0x00000000f0000000,0x00000000fa64f850,0x00000000fab70000)
  from space 38848K, 30% used [0x00000000fab70000,0x00000000fb6f68b8,0x00000000fd160000)
  to   space 36480K, 33% used [0x00000000fd6e0000,0x00000000fe2d9fd0,0x00000000ffa80000)
 ParOldGen       total 185792K, used 119430K [0x00000000d0000000, 0x00000000db570000, 0x00000000f0000000)
  object space 185792K, 64% used [0x00000000d0000000,0x00000000d74a1ac0,0x00000000db570000)
 PSPermGen       total 90112K, used 77745K [0x00000000c0000000, 0x00000000c5800000, 0x00000000d0000000)
  object space 90112K, 86% used [0x00000000c0000000,0x00000000c4bec550,0x00000000c5800000)
GC Heap History (10 events):
Event: 36.554 GC heap after
Heap after GC invocations=68 (full 7):
 PSYoungGen      total 206208K, used 3750K [0x00000000f0000000, 0x00000000ffaa0000, 0x0000000100000000)
  eden space 157248K, 0% used [0x00000000f0000000,0x00000000f0000000,0x00000000f9990000)
  from space 48960K, 7% used [0x00000000f9990000,0x00000000f9d39890,0x00000000fc960000)
  to   space 46784K, 0% used [0x00000000fccf0000,0x00000000fccf0000,0x00000000ffaa0000)
 ParOldGen       total 185792K, used 119430K [0x00000000d0000000, 0x00000000db570000, 0x00000000f0000000)
  object space 185792K, 64% used [0x00000000d0000000,0x00000000d74a1ac0,0x00000000db570000)
 PSPermGen       total 90112K, used 72655K [0x00000000c0000000, 0x00000000c5800000, 0x00000000d0000000)
  object space 90112K, 80% used [0x00000000c0000000,0x00000000c46f3fb8,0x00000000c5800000)
}
Event: 36.842 GC heap before
{Heap before GC invocations=69 (full 7):
 PSYoungGen      total 206208K, used 157384K [0x00000000f0000000, 0x00000000ffaa0000, 0x0000000100000000)
  eden space 157248K, 97% used [0x00000000f0000000,0x00000000f9608af8,0x00000000f9990000)
  from space 48960K, 7% used [0x00000000f9990000,0x00000000f9d39890,0x00000000fc960000)
  to   space 46784K, 0% used [0x00000000fccf0000,0x00000000fccf0000,0x00000000ffaa0000)
 ParOldGen       total 185792K, used 119430K [0x00000000d0000000, 0x00000000db570000, 0x00000000f0000000)
  object space 185792K, 64% used [0x00000000d0000000,0x00000000d74a1ac0,0x00000000db570000)
 PSPermGen       total 90112K, used 73873K [0x00000000c0000000, 0x00000000c5800000, 0x00000000d0000000)
  object space 90112K, 81% used [0x00000000c0000000,0x00000000c48246b0,0x00000000c5800000)
Event: 36.849 GC heap after
Heap after GC invocations=69 (full 7):
 PSYoungGen      total 210624K, used 6134K [0x00000000f0000000, 0x00000000ff8e0000, 0x0000000100000000)
  eden space 165632K, 0% used [0x00000000f0000000,0x00000000f0000000,0x00000000fa1c0000)
  from space 44992K, 13% used [0x00000000fccf0000,0x00000000fd2ed968,0x00000000ff8e0000)
  to   space 44224K, 0% used [0x00000000fa1c0000,0x00000000fa1c0000,0x00000000fccf0000)
 ParOldGen       total 185792K, used 119430K [0x00000000d0000000, 0x00000000db570000, 0x00000000f0000000)
  object space 185792K, 64% used [0x00000000d0000000,0x00000000d74a1ac0,0x00000000db570000)
 PSPermGen       total 90112K, used 73873K [0x00000000c0000000, 0x00000000c5800000, 0x00000000d0000000)
  object space 90112K, 81% used [0x00000000c0000000,0x00000000c48246b0,0x00000000c5800000)
}
Event: 37.248 GC heap before
{Heap before GC invocations=70 (full 7):
 PSYoungGen      total 210624K, used 167116K [0x00000000f0000000, 0x00000000ff8e0000, 0x0000000100000000)
  eden space 165632K, 97% used [0x00000000f0000000,0x00000000f9d35a10,0x00000000fa1c0000)
  from space 44992K, 13% used [0x00000000fccf0000,0x00000000fd2ed968,0x00000000ff8e0000)
  to   space 44224K, 0% used [0x00000000fa1c0000,0x00000000fa1c0000,0x00000000fccf0000)
 ParOldGen       total 185792K, used 119430K [0x00000000d0000000, 0x00000000db570000, 0x00000000f0000000)
  object space 185792K, 64% used [0x00000000d0000000,0x00000000d74a1ac0,0x00000000db570000)
 PSPermGen       total 90112K, used 75272K [0x00000000c0000000, 0x00000000c5800000, 0x00000000d0000000)
  object space 90112K, 83% used [0x00000000c0000000,0x00000000c49823a8,0x00000000c5800000)
Event: 37.259 GC heap after
Heap after GC invocations=70 (full 7):
 PSYoungGen      total 209856K, used 7646K [0x00000000f0000000, 0x00000000ff9e0000, 0x0000000100000000)
  eden space 165632K, 0% used [0x00000000f0000000,0x00000000f0000000,0x00000000fa1c0000)
  from space 44224K, 17% used [0x00000000fa1c0000,0x00000000fa937b58,0x00000000fccf0000)
  to   space 41472K, 0% used [0x00000000fd160000,0x00000000fd160000,0x00000000ff9e0000)
 ParOldGen       total 185792K, used 119430K [0x00000000d0000000, 0x00000000db570000, 0x00000000f0000000)
  object space 185792K, 64% used [0x00000000d0000000,0x00000000d74a1ac0,0x00000000db570000)
 PSPermGen       total 90112K, used 75272K [0x00000000c0000000, 0x00000000c5800000, 0x00000000d0000000)
  object space 90112K, 83% used [0x00000000c0000000,0x00000000c49823a8,0x00000000c5800000)
}
Event: 37.392 GC heap before
{Heap before GC invocations=71 (full 7):
 PSYoungGen      total 209856K, used 173278K [0x00000000f0000000, 0x00000000ff9e0000, 0x0000000100000000)
  eden space 165632K, 100% used [0x00000000f0000000,0x00000000fa1c0000,0x00000000fa1c0000)
  from space 44224K, 17% used [0x00000000fa1c0000,0x00000000fa937b58,0x00000000fccf0000)
  to   space 41472K, 0% used [0x00000000fd160000,0x00000000fd160000,0x00000000ff9e0000)
 ParOldGen       total 185792K, used 119430K [0x00000000d0000000, 0x00000000db570000, 0x00000000f0000000)
  object space 185792K, 64% used [0x00000000d0000000,0x00000000d74a1ac0,0x00000000db570000)
 PSPermGen       total 90112K, used 75494K [0x00000000c0000000, 0x00000000c5800000, 0x00000000d0000000)
  object space 90112K, 83% used [0x00000000c0000000,0x00000000c49b9890,0x00000000c5800000)
Event: 37.406 GC heap after
Heap after GC invocations=71 (full 7):
 PSYoungGen      total 215296K, used 8221K [0x00000000f0000000, 0x00000000ff830000, 0x0000000100000000)
  eden space 175552K, 0% used [0x00000000f0000000,0x00000000f0000000,0x00000000fab70000)
  from space 39744K, 20% used [0x00000000fd160000,0x00000000fd967710,0x00000000ff830000)
  to   space 38848K, 0% used [0x00000000fab70000,0x00000000fab70000,0x00000000fd160000)
 ParOldGen       total 185792K, used 119430K [0x00000000d0000000, 0x00000000db570000, 0x00000000f0000000)
  object space 185792K, 64% used [0x00000000d0000000,0x00000000d74a1ac0,0x00000000db570000)
 PSPermGen       total 90112K, used 75494K [0x00000000c0000000, 0x00000000c5800000, 0x00000000d0000000)
  object space 90112K, 83% used [0x00000000c0000000,0x00000000c49b9890,0x00000000c5800000)
}
Event: 37.832 GC heap before
{Heap before GC invocations=72 (full 7):
 PSYoungGen      total 215296K, used 176207K [0x00000000f0000000, 0x00000000ff830000, 0x0000000100000000)
  eden space 175552K, 95% used [0x00000000f0000000,0x00000000fa40c6b0,0x00000000fab70000)
  from space 39744K, 20% used [0x00000000fd160000,0x00000000fd967710,0x00000000ff830000)
  to   space 38848K, 0% used [0x00000000fab70000,0x00000000fab70000,0x00000000fd160000)
 ParOldGen       total 185792K, used 119430K [0x00000000d0000000, 0x00000000db570000, 0x00000000f0000000)
  object space 185792K, 64% used [0x00000000d0000000,0x00000000d74a1ac0,0x00000000db570000)
 PSPermGen       total 90112K, used 77324K [0x00000000c0000000, 0x00000000c5800000, 0x00000000d0000000)
  object space 90112K, 85% used [0x00000000c0000000,0x00000000c4b83238,0x00000000c5800000)
Event: 37.844 GC heap after
Heap after GC invocations=72 (full 7):
 PSYoungGen      total 214400K, used 11802K [0x00000000f0000000, 0x00000000ffa80000, 0x0000000100000000)
  eden space 175552K, 0% used [0x00000000f0000000,0x00000000f0000000,0x00000000fab70000)
  from space 38848K, 30% used [0x00000000fab70000,0x00000000fb6f68b8,0x00000000fd160000)
  to   space 36480K, 0% used [0x00000000fd6e0000,0x00000000fd6e0000,0x00000000ffa80000)
 ParOldGen       total 185792K, used 119430K [0x00000000d0000000, 0x00000000db570000, 0x00000000f0000000)
  object space 185792K, 64% used [0x00000000d0000000,0x00000000d74a1ac0,0x00000000db570000)
 PSPermGen       total 90112K, used 77324K [0x00000000c0000000, 0x00000000c5800000, 0x00000000d0000000)
  object space 90112K, 85% used [0x00000000c0000000,0x00000000c4b83238,0x00000000c5800000)
}
Event: 37.979 GC heap before
{Heap before GC invocations=73 (full 7):
 PSYoungGen      total 214400K, used 182104K [0x00000000f0000000, 0x00000000ffa80000, 0x0000000100000000)
  eden space 175552K, 97% used [0x00000000f0000000,0x00000000fa64f758,0x00000000fab70000)
  from space 38848K, 30% used [0x00000000fab70000,0x00000000fb6f68b8,0x00000000fd160000)
  to   space 36480K, 0% used [0x00000000fd6e0000,0x00000000fd6e0000,0x00000000ffa80000)
 ParOldGen       total 185792K, used 119430K [0x00000000d0000000, 0x00000000db570000, 0x00000000f0000000)
  object space 185792K, 64% used [0x00000000d0000000,0x00000000d74a1ac0,0x00000000db570000)
 PSPermGen       total 90112K, used 77745K [0x00000000c0000000, 0x00000000c5800000, 0x00000000d0000000)
  object space 90112K, 86% used [0x00000000c0000000,0x00000000c4bec550,0x00000000c5800000)

