# JRE version: 7.0_17-b02
# Java VM: Java HotSpot(TM) 64-Bit Server VM (23.7-b01 mixed mode windows-amd64 compressed oops)
Heap
 PSYoungGen      total 209088K, used 159330K [0x00000000f0000000, 0x00000000ffe50000, 0x0000000100000000)
  eden space 158016K, 96% used [0x00000000f0000000,0x00000000f942a268,0x00000000f9a50000)
  from space 51072K, 14% used [0x00000000fcc70000,0x00000000fd3de5a0,0x00000000ffe50000)
  to   space 51200K, 15% used [0x00000000f9a50000,0x00000000fa239010,0x00000000fcc50000)
 ParOldGen       total 156864K, used 122017K [0x00000000d0000000, 0x00000000d9930000, 0x00000000f0000000)
  object space 156864K, 77% used [0x00000000d0000000,0x00000000d7728728,0x00000000d9930000)
 PSPermGen       total 103680K, used 78577K [0x00000000c0000000, 0x00000000c6540000, 0x00000000d0000000)
  object space 103680K, 75% used [0x00000000c0000000,0x00000000c4cbc670,0x00000000c6540000)
GC Heap History (10 events):
Event: 32.549 GC heap after
Heap after GC invocations=63 (full 5):
 PSYoungGen      total 210304K, used 13873K [0x00000000f0000000, 0x0000000100000000, 0x0000000100000000)
  eden space 155904K, 0% used [0x00000000f0000000,0x00000000f0000000,0x00000000f9840000)
  from space 54400K, 25% used [0x00000000fcae0000,0x00000000fd86c6c8,0x0000000100000000)
  to   space 51840K, 0% used [0x00000000f9840000,0x00000000f9840000,0x00000000fcae0000)
 ParOldGen       total 156864K, used 108988K [0x00000000d0000000, 0x00000000d9930000, 0x00000000f0000000)
  object space 156864K, 69% used [0x00000000d0000000,0x00000000d6a6f178,0x00000000d9930000)
 PSPermGen       total 103680K, used 73636K [0x00000000c0000000, 0x00000000c6540000, 0x00000000d0000000)
  object space 103680K, 71% used [0x00000000c0000000,0x00000000c47e91c8,0x00000000c6540000)
}
Event: 32.910 GC heap before
{Heap before GC invocations=64 (full 5):
 PSYoungGen      total 210304K, used 161595K [0x00000000f0000000, 0x0000000100000000, 0x0000000100000000)
  eden space 155904K, 94% used [0x00000000f0000000,0x00000000f9042598,0x00000000f9840000)
  from space 54400K, 25% used [0x00000000fcae0000,0x00000000fd86c6c8,0x0000000100000000)
  to   space 51840K, 0% used [0x00000000f9840000,0x00000000f9840000,0x00000000fcae0000)
 ParOldGen       total 156864K, used 108988K [0x00000000d0000000, 0x00000000d9930000, 0x00000000f0000000)
  object space 156864K, 69% used [0x00000000d0000000,0x00000000d6a6f178,0x00000000d9930000)
 PSPermGen       total 103680K, used 74875K [0x00000000c0000000, 0x00000000c6540000, 0x00000000d0000000)
  object space 103680K, 72% used [0x00000000c0000000,0x00000000c491ec10,0x00000000c6540000)
Event: 32.963 GC heap after
Heap after GC invocations=64 (full 5):
 PSYoungGen      total 207744K, used 9289K [0x00000000f0000000, 0x00000000ffe40000, 0x0000000100000000)
  eden space 155904K, 0% used [0x00000000f0000000,0x00000000f0000000,0x00000000f9840000)
  from space 51840K, 17% used [0x00000000f9840000,0x00000000fa1524d8,0x00000000fcae0000)
  to   space 52224K, 0% used [0x00000000fcb40000,0x00000000fcb40000,0x00000000ffe40000)
 ParOldGen       total 156864K, used 115637K [0x00000000d0000000, 0x00000000d9930000, 0x00000000f0000000)
  object space 156864K, 73% used [0x00000000d0000000,0x00000000d70ed658,0x00000000d9930000)
 PSPermGen       total 103680K, used 74875K [0x00000000c0000000, 0x00000000c6540000, 0x00000000d0000000)
  object space 103680K, 72% used [0x00000000c0000000,0x00000000c491ec10,0x00000000c6540000)
}
Event: 33.126 GC heap before
{Heap before GC invocations=65 (full 5):
 PSYoungGen      total 207744K, used 155466K [0x00000000f0000000, 0x00000000ffe40000, 0x0000000100000000)
  eden space 155904K, 93% used [0x00000000f0000000,0x00000000f8ec0630,0x00000000f9840000)
  from space 51840K, 17% used [0x00000000f9840000,0x00000000fa1524d8,0x00000000fcae0000)
  to   space 52224K, 0% used [0x00000000fcb40000,0x00000000fcb40000,0x00000000ffe40000)
 ParOldGen       total 156864K, used 115637K [0x00000000d0000000, 0x00000000d9930000, 0x00000000f0000000)
  object space 156864K, 73% used [0x00000000d0000000,0x00000000d70ed658,0x00000000d9930000)
 PSPermGen       total 103680K, used 75062K [0x00000000c0000000, 0x00000000c6540000, 0x00000000d0000000)
  object space 103680K, 72% used [0x00000000c0000000,0x00000000c494daa0,0x00000000c6540000)
Event: 33.138 GC heap after
Heap after GC invocations=65 (full 5):
 PSYoungGen      total 208000K, used 8117K [0x00000000f0000000, 0x0000000100000000, 0x0000000100000000)
  eden space 155776K, 0% used [0x00000000f0000000,0x00000000f0000000,0x00000000f9820000)
  from space 52224K, 15% used [0x00000000fcb40000,0x00000000fd32d6a0,0x00000000ffe40000)
  to   space 52352K, 0% used [0x00000000f9820000,0x00000000f9820000,0x00000000fcb40000)
 ParOldGen       total 156864K, used 117625K [0x00000000d0000000, 0x00000000d9930000, 0x00000000f0000000)
  object space 156864K, 74% used [0x00000000d0000000,0x00000000d72de6d8,0x00000000d9930000)
 PSPermGen       total 103680K, used 75062K [0x00000000c0000000, 0x00000000c6540000, 0x00000000d0000000)
  object space 103680K, 72% used [0x00000000c0000000,0x00000000c494daa0,0x00000000c6540000)
}
Event: 33.552 GC heap before
{Heap before GC invocations=66 (full 5):
 PSYoungGen      total 208000K, used 163893K [0x00000000f0000000, 0x0000000100000000, 0x0000000100000000)
  eden space 155776K, 100% used [0x00000000f0000000,0x00000000f9820000,0x00000000f9820000)
  from space 52224K, 15% used [0x00000000fcb40000,0x00000000fd32d6a0,0x00000000ffe40000)
  to   space 52352K, 0% used [0x00000000f9820000,0x00000000f9820000,0x00000000fcb40000)
 ParOldGen       total 156864K, used 117625K [0x00000000d0000000, 0x00000000d9930000, 0x00000000f0000000)
  object space 156864K, 74% used [0x00000000d0000000,0x00000000d72de6d8,0x00000000d9930000)
 PSPermGen       total 103680K, used 76841K [0x00000000c0000000, 0x00000000c6540000, 0x00000000d0000000)
  object space 103680K, 74% used [0x00000000c0000000,0x00000000c4b0a588,0x00000000c6540000)
Event: 33.565 GC heap after
Heap after GC invocations=66 (full 5):
 PSYoungGen      total 208128K, used 9416K [0x00000000f0000000, 0x00000000fff00000, 0x0000000100000000)
  eden space 155776K, 0% used [0x00000000f0000000,0x00000000f0000000,0x00000000f9820000)
  from space 52352K, 17% used [0x00000000f9820000,0x00000000fa152348,0x00000000fcb40000)
  to   space 51776K, 0% used [0x00000000fcc70000,0x00000000fcc70000,0x00000000fff00000)
 ParOldGen       total 156864K, used 119385K [0x00000000d0000000, 0x00000000d9930000, 0x00000000f0000000)
  object space 156864K, 76% used [0x00000000d0000000,0x00000000d74966f8,0x00000000d9930000)
 PSPermGen       total 103680K, used 76841K [0x00000000c0000000, 0x00000000c6540000, 0x00000000d0000000)
  object space 103680K, 74% used [0x00000000c0000000,0x00000000c4b0a588,0x00000000c6540000)
}
Event: 33.745 GC heap before
{Heap before GC invocations=67 (full 5):
 PSYoungGen      total 208128K, used 157104K [0x00000000f0000000, 0x00000000fff00000, 0x0000000100000000)
  eden space 155776K, 94% used [0x00000000f0000000,0x00000000f9039d08,0x00000000f9820000)
  from space 52352K, 17% used [0x00000000f9820000,0x00000000fa152348,0x00000000fcb40000)
  to   space 51776K, 0% used [0x00000000fcc70000,0x00000000fcc70000,0x00000000fff00000)
 ParOldGen       total 156864K, used 119385K [0x00000000d0000000, 0x00000000d9930000, 0x00000000f0000000)
  object space 156864K, 76% used [0x00000000d0000000,0x00000000d74966f8,0x00000000d9930000)
 PSPermGen       total 103680K, used 77144K [0x00000000c0000000, 0x00000000c6540000, 0x00000000d0000000)
  object space 103680K, 74% used [0x00000000c0000000,0x00000000c4b561c8,0x00000000c6540000)
Event: 33.760 GC heap after
Heap after GC invocations=67 (full 5):
 PSYoungGen      total 209088K, used 7609K [0x00000000f0000000, 0x00000000ffe50000, 0x0000000100000000)
  eden space 158016K, 0% used [0x00000000f0000000,0x00000000f0000000,0x00000000f9a50000)
  from space 51072K, 14% used [0x00000000fcc70000,0x00000000fd3de5a0,0x00000000ffe50000)
  to   space 51200K, 0% used [0x00000000f9a50000,0x00000000f9a50000,0x00000000fcc50000)
 ParOldGen       total 156864K, used 121937K [0x00000000d0000000, 0x00000000d9930000, 0x00000000f0000000)
  object space 156864K, 77% used [0x00000000d0000000,0x00000000d7714728,0x00000000d9930000)
 PSPermGen       total 103680K, used 77144K [0x00000000c0000000, 0x00000000c6540000, 0x00000000d0000000)
  object space 103680K, 74% used [0x00000000c0000000,0x00000000c4b561c8,0x00000000c6540000)
}
Event: 34.171 GC heap before
{Heap before GC invocations=68 (full 5):
 PSYoungGen      total 209088K, used 159330K [0x00000000f0000000, 0x00000000ffe50000, 0x0000000100000000)
  eden space 158016K, 96% used [0x00000000f0000000,0x00000000f942a268,0x00000000f9a50000)
  from space 51072K, 14% used [0x00000000fcc70000,0x00000000fd3de5a0,0x00000000ffe50000)
  to   space 51200K, 0% used [0x00000000f9a50000,0x00000000f9a50000,0x00000000fcc50000)
 ParOldGen       total 156864K, used 121937K [0x00000000d0000000, 0x00000000d9930000, 0x00000000f0000000)
  object space 156864K, 77% used [0x00000000d0000000,0x00000000d7714728,0x00000000d9930000)
 PSPermGen       total 103680K, used 78577K [0x00000000c0000000, 0x00000000c6540000, 0x00000000d0000000)
  object space 103680K, 75% used [0x00000000c0000000,0x00000000c4cbc670,0x00000000c6540000)

