# JRE version: 7.0_17-b02
# Java VM: Java HotSpot(TM) 64-Bit Server VM (23.7-b01 mixed mode windows-amd64 compressed oops)
Heap
 PSYoungGen      total 238656K, used 224661K [0x00000000f0000000, 0x00000000ffeb0000, 0x0000000100000000)
  eden space 217216K, 99% used [0x00000000f0000000,0x00000000fd37fcd0,0x00000000fd420000)
  from space 21440K, 37% used [0x00000000fd420000,0x00000000fdc058e8,0x00000000fe910000)
  to   space 20160K, 41% used [0x00000000feb00000,0x00000000ff32d128,0x00000000ffeb0000)
 ParOldGen       total 172864K, used 123186K [0x00000000d0000000, 0x00000000da8d0000, 0x00000000f0000000)
  object space 172864K, 71% used [0x00000000d0000000,0x00000000d784c878,0x00000000da8d0000)
 PSPermGen       total 94016K, used 78958K [0x00000000c0000000, 0x00000000c5bd0000, 0x00000000d0000000)
  object space 94016K, 83% used [0x00000000c0000000,0x00000000c4d1b800,0x00000000c5bd0000)
GC Heap History (10 events):
Event: 25.925 GC heap after
Heap after GC invocations=47 (full 6):
 PSYoungGen      total 235072K, used 0K [0x00000000f0000000, 0x00000000ffff0000, 0x0000000100000000)
  eden space 211136K, 0% used [0x00000000f0000000,0x00000000f0000000,0x00000000fce30000)
  from space 23936K, 0% used [0x00000000fce30000,0x00000000fce30000,0x00000000fe590000)
  to   space 23040K, 0% used [0x00000000fe970000,0x00000000fe970000,0x00000000ffff0000)
 ParOldGen       total 172864K, used 120941K [0x00000000d0000000, 0x00000000da8d0000, 0x00000000f0000000)
  object space 172864K, 69% used [0x00000000d0000000,0x00000000d761b510,0x00000000da8d0000)
 PSPermGen       total 94016K, used 72059K [0x00000000c0000000, 0x00000000c5bd0000, 0x00000000d0000000)
  object space 94016K, 76% used [0x00000000c0000000,0x00000000c465ee28,0x00000000c5bd0000)
}
Event: 26.267 GC heap before
{Heap before GC invocations=48 (full 6):
 PSYoungGen      total 235072K, used 211136K [0x00000000f0000000, 0x00000000ffff0000, 0x0000000100000000)
  eden space 211136K, 100% used [0x00000000f0000000,0x00000000fce30000,0x00000000fce30000)
  from space 23936K, 0% used [0x00000000fce30000,0x00000000fce30000,0x00000000fe590000)
  to   space 23040K, 0% used [0x00000000fe970000,0x00000000fe970000,0x00000000ffff0000)
 ParOldGen       total 172864K, used 120941K [0x00000000d0000000, 0x00000000da8d0000, 0x00000000f0000000)
  object space 172864K, 69% used [0x00000000d0000000,0x00000000d761b510,0x00000000da8d0000)
 PSPermGen       total 94016K, used 73433K [0x00000000c0000000, 0x00000000c5bd0000, 0x00000000d0000000)
  object space 94016K, 78% used [0x00000000c0000000,0x00000000c47b6530,0x00000000c5bd0000)
Event: 26.272 GC heap after
Heap after GC invocations=48 (full 6):
 PSYoungGen      total 236608K, used 3788K [0x00000000f0000000, 0x00000000ffe60000, 0x0000000100000000)
  eden space 215168K, 0% used [0x00000000f0000000,0x00000000f0000000,0x00000000fd220000)
  from space 21440K, 17% used [0x00000000fe970000,0x00000000fed231c8,0x00000000ffe60000)
  to   space 22656K, 0% used [0x00000000fd220000,0x00000000fd220000,0x00000000fe840000)
 ParOldGen       total 172864K, used 120941K [0x00000000d0000000, 0x00000000da8d0000, 0x00000000f0000000)
  object space 172864K, 69% used [0x00000000d0000000,0x00000000d761b510,0x00000000da8d0000)
 PSPermGen       total 94016K, used 73433K [0x00000000c0000000, 0x00000000c5bd0000, 0x00000000d0000000)
  object space 94016K, 78% used [0x00000000c0000000,0x00000000c47b6530,0x00000000c5bd0000)
}
Event: 26.561 GC heap before
{Heap before GC invocations=49 (full 6):
 PSYoungGen      total 236608K, used 215353K [0x00000000f0000000, 0x00000000ffe60000, 0x0000000100000000)
  eden space 215168K, 98% used [0x00000000f0000000,0x00000000fce9b618,0x00000000fd220000)
  from space 21440K, 17% used [0x00000000fe970000,0x00000000fed231c8,0x00000000ffe60000)
  to   space 22656K, 0% used [0x00000000fd220000,0x00000000fd220000,0x00000000fe840000)
 ParOldGen       total 172864K, used 120941K [0x00000000d0000000, 0x00000000da8d0000, 0x00000000f0000000)
  object space 172864K, 69% used [0x00000000d0000000,0x00000000d761b510,0x00000000da8d0000)
 PSPermGen       total 94016K, used 74896K [0x00000000c0000000, 0x00000000c5bd0000, 0x00000000d0000000)
  object space 94016K, 79% used [0x00000000c0000000,0x00000000c4924138,0x00000000c5bd0000)
Event: 26.567 GC heap after
Heap after GC invocations=49 (full 6):
 PSYoungGen      total 237824K, used 3277K [0x00000000f0000000, 0x0000000100000000, 0x0000000100000000)
  eden space 215168K, 0% used [0x00000000f0000000,0x00000000f0000000,0x00000000fd220000)
  from space 22656K, 14% used [0x00000000fd220000,0x00000000fd553590,0x00000000fe840000)
  to   space 22272K, 0% used [0x00000000fea40000,0x00000000fea40000,0x0000000100000000)
 ParOldGen       total 172864K, used 123186K [0x00000000d0000000, 0x00000000da8d0000, 0x00000000f0000000)
  object space 172864K, 71% used [0x00000000d0000000,0x00000000d784c878,0x00000000da8d0000)
 PSPermGen       total 94016K, used 74896K [0x00000000c0000000, 0x00000000c5bd0000, 0x00000000d0000000)
  object space 94016K, 79% used [0x00000000c0000000,0x00000000c4924138,0x00000000c5bd0000)
}
Event: 26.749 GC heap before
{Heap before GC invocations=50 (full 6):
 PSYoungGen      total 237824K, used 218445K [0x00000000f0000000, 0x0000000100000000, 0x0000000100000000)
  eden space 215168K, 100% used [0x00000000f0000000,0x00000000fd220000,0x00000000fd220000)
  from space 22656K, 14% used [0x00000000fd220000,0x00000000fd553590,0x00000000fe840000)
  to   space 22272K, 0% used [0x00000000fea40000,0x00000000fea40000,0x0000000100000000)
 ParOldGen       total 172864K, used 123186K [0x00000000d0000000, 0x00000000da8d0000, 0x00000000f0000000)
  object space 172864K, 71% used [0x00000000d0000000,0x00000000d784c878,0x00000000da8d0000)
 PSPermGen       total 94016K, used 75476K [0x00000000c0000000, 0x00000000c5bd0000, 0x00000000d0000000)
  object space 94016K, 80% used [0x00000000c0000000,0x00000000c49b5330,0x00000000c5bd0000)
Event: 26.755 GC heap after
Heap after GC invocations=50 (full 6):
 PSYoungGen      total 237440K, used 4812K [0x00000000f0000000, 0x00000000ffe00000, 0x0000000100000000)
  eden space 217216K, 0% used [0x00000000f0000000,0x00000000f0000000,0x00000000fd420000)
  from space 20224K, 23% used [0x00000000fea40000,0x00000000feef3120,0x00000000ffe00000)
  to   space 21440K, 0% used [0x00000000fd420000,0x00000000fd420000,0x00000000fe910000)
 ParOldGen       total 172864K, used 123186K [0x00000000d0000000, 0x00000000da8d0000, 0x00000000f0000000)
  object space 172864K, 71% used [0x00000000d0000000,0x00000000d784c878,0x00000000da8d0000)
 PSPermGen       total 94016K, used 75476K [0x00000000c0000000, 0x00000000c5bd0000, 0x00000000d0000000)
  object space 94016K, 80% used [0x00000000c0000000,0x00000000c49b5330,0x00000000c5bd0000)
}
Event: 27.093 GC heap before
{Heap before GC invocations=51 (full 6):
 PSYoungGen      total 237440K, used 219173K [0x00000000f0000000, 0x00000000ffe00000, 0x0000000100000000)
  eden space 217216K, 98% used [0x00000000f0000000,0x00000000fd156328,0x00000000fd420000)
  from space 20224K, 23% used [0x00000000fea40000,0x00000000feef3120,0x00000000ffe00000)
  to   space 21440K, 0% used [0x00000000fd420000,0x00000000fd420000,0x00000000fe910000)
 ParOldGen       total 172864K, used 123186K [0x00000000d0000000, 0x00000000da8d0000, 0x00000000f0000000)
  object space 172864K, 71% used [0x00000000d0000000,0x00000000d784c878,0x00000000da8d0000)
 PSPermGen       total 94016K, used 77175K [0x00000000c0000000, 0x00000000c5bd0000, 0x00000000d0000000)
  object space 94016K, 82% used [0x00000000c0000000,0x00000000c4b5de98,0x00000000c5bd0000)
Event: 27.101 GC heap after
Heap after GC invocations=51 (full 6):
 PSYoungGen      total 238656K, used 8086K [0x00000000f0000000, 0x00000000ffeb0000, 0x0000000100000000)
  eden space 217216K, 0% used [0x00000000f0000000,0x00000000f0000000,0x00000000fd420000)
  from space 21440K, 37% used [0x00000000fd420000,0x00000000fdc058e8,0x00000000fe910000)
  to   space 20160K, 0% used [0x00000000feb00000,0x00000000feb00000,0x00000000ffeb0000)
 ParOldGen       total 172864K, used 123186K [0x00000000d0000000, 0x00000000da8d0000, 0x00000000f0000000)
  object space 172864K, 71% used [0x00000000d0000000,0x00000000d784c878,0x00000000da8d0000)
 PSPermGen       total 94016K, used 77175K [0x00000000c0000000, 0x00000000c5bd0000, 0x00000000d0000000)
  object space 94016K, 82% used [0x00000000c0000000,0x00000000c4b5de98,0x00000000c5bd0000)
}
Event: 27.567 GC heap before
{Heap before GC invocations=52 (full 6):
 PSYoungGen      total 238656K, used 224661K [0x00000000f0000000, 0x00000000ffeb0000, 0x0000000100000000)
  eden space 217216K, 99% used [0x00000000f0000000,0x00000000fd37fcd0,0x00000000fd420000)
  from space 21440K, 37% used [0x00000000fd420000,0x00000000fdc058e8,0x00000000fe910000)
  to   space 20160K, 0% used [0x00000000feb00000,0x00000000feb00000,0x00000000ffeb0000)
 ParOldGen       total 172864K, used 123186K [0x00000000d0000000, 0x00000000da8d0000, 0x00000000f0000000)
  object space 172864K, 71% used [0x00000000d0000000,0x00000000d784c878,0x00000000da8d0000)
 PSPermGen       total 94016K, used 78958K [0x00000000c0000000, 0x00000000c5bd0000, 0x00000000d0000000)
  object space 94016K, 83% used [0x00000000c0000000,0x00000000c4d1b800,0x00000000c5bd0000)

