# JRE version: 7.0_17-b02
# Java VM: Java HotSpot(TM) 64-Bit Server VM (23.7-b01 mixed mode windows-amd64 compressed oops)
Heap
 PSYoungGen      total 220672K, used 219813K [0x00000000f0000000, 0x0000000100000000, 0x0000000100000000)
  eden space 195584K, 99% used [0x00000000f0000000,0x00000000fbe31c50,0x00000000fbf00000)
  from space 25088K, 99% used [0x00000000fbf00000,0x00000000fd777980,0x00000000fd780000)
  to   space 35520K, 0% used [0x00000000fdd50000,0x00000000fdd50000,0x0000000100000000)
 ParOldGen       total 157632K, used 105495K [0x00000000d0000000, 0x00000000d99f0000, 0x00000000f0000000)
  object space 157632K, 66% used [0x00000000d0000000,0x00000000d6705f08,0x00000000d99f0000)
 PSPermGen       total 91712K, used 78939K [0x00000000c0000000, 0x00000000c5990000, 0x00000000d0000000)
  object space 91712K, 86% used [0x00000000c0000000,0x00000000c4d16e58,0x00000000c5990000)
GC Heap History (10 events):
Event: 21.965 GC heap before
{Heap before GC invocations=52 (full 5):
 PSYoungGen      total 229888K, used 208627K [0x00000000f0000000, 0x00000000ffc60000, 0x0000000100000000)
  eden space 203648K, 96% used [0x00000000f0000000,0x00000000fbfc01b0,0x00000000fc6e0000)
  from space 26240K, 46% used [0x00000000fe2c0000,0x00000000feebce08,0x00000000ffc60000)
  to   space 27392K, 0% used [0x00000000fc6e0000,0x00000000fc6e0000,0x00000000fe1a0000)
 ParOldGen       total 157632K, used 105495K [0x00000000d0000000, 0x00000000d99f0000, 0x00000000f0000000)
  object space 157632K, 66% used [0x00000000d0000000,0x00000000d6705f08,0x00000000d99f0000)
 PSPermGen       total 91712K, used 72265K [0x00000000c0000000, 0x00000000c5990000, 0x00000000d0000000)
  object space 91712K, 78% used [0x00000000c0000000,0x00000000c4692660,0x00000000c5990000)
Event: 21.980 GC heap after
Heap after GC invocations=52 (full 5):
 PSYoungGen      total 231040K, used 16891K [0x00000000f0000000, 0x0000000100000000, 0x0000000100000000)
  eden space 203648K, 0% used [0x00000000f0000000,0x00000000f0000000,0x00000000fc6e0000)
  from space 27392K, 61% used [0x00000000fc6e0000,0x00000000fd75edb8,0x00000000fe1a0000)
  to   space 28160K, 0% used [0x00000000fe480000,0x00000000fe480000,0x0000000100000000)
 ParOldGen       total 157632K, used 105495K [0x00000000d0000000, 0x00000000d99f0000, 0x00000000f0000000)
  object space 157632K, 66% used [0x00000000d0000000,0x00000000d6705f08,0x00000000d99f0000)
 PSPermGen       total 91712K, used 72265K [0x00000000c0000000, 0x00000000c5990000, 0x00000000d0000000)
  object space 91712K, 78% used [0x00000000c0000000,0x00000000c4692660,0x00000000c5990000)
}
Event: 22.280 GC heap before
{Heap before GC invocations=53 (full 5):
 PSYoungGen      total 231040K, used 213198K [0x00000000f0000000, 0x0000000100000000, 0x0000000100000000)
  eden space 203648K, 96% used [0x00000000f0000000,0x00000000fbfb4cf8,0x00000000fc6e0000)
  from space 27392K, 61% used [0x00000000fc6e0000,0x00000000fd75edb8,0x00000000fe1a0000)
  to   space 28160K, 0% used [0x00000000fe480000,0x00000000fe480000,0x0000000100000000)
 ParOldGen       total 157632K, used 105495K [0x00000000d0000000, 0x00000000d99f0000, 0x00000000f0000000)
  object space 157632K, 66% used [0x00000000d0000000,0x00000000d6705f08,0x00000000d99f0000)
 PSPermGen       total 91712K, used 74141K [0x00000000c0000000, 0x00000000c5990000, 0x00000000d0000000)
  object space 91712K, 80% used [0x00000000c0000000,0x00000000c4867650,0x00000000c5990000)
Event: 22.296 GC heap after
Heap after GC invocations=53 (full 5):
 PSYoungGen      total 230912K, used 19800K [0x00000000f0000000, 0x0000000100000000, 0x0000000100000000)
  eden space 202752K, 0% used [0x00000000f0000000,0x00000000f0000000,0x00000000fc600000)
  from space 28160K, 70% used [0x00000000fe480000,0x00000000ff7d60d8,0x0000000100000000)
  to   space 29696K, 0% used [0x00000000fc600000,0x00000000fc600000,0x00000000fe300000)
 ParOldGen       total 157632K, used 105495K [0x00000000d0000000, 0x00000000d99f0000, 0x00000000f0000000)
  object space 157632K, 66% used [0x00000000d0000000,0x00000000d6705f08,0x00000000d99f0000)
 PSPermGen       total 91712K, used 74141K [0x00000000c0000000, 0x00000000c5990000, 0x00000000d0000000)
  object space 91712K, 80% used [0x00000000c0000000,0x00000000c4867650,0x00000000c5990000)
}
Event: 22.501 GC heap before
{Heap before GC invocations=54 (full 5):
 PSYoungGen      total 230912K, used 217410K [0x00000000f0000000, 0x0000000100000000, 0x0000000100000000)
  eden space 202752K, 97% used [0x00000000f0000000,0x00000000fc0faab8,0x00000000fc600000)
  from space 28160K, 70% used [0x00000000fe480000,0x00000000ff7d60d8,0x0000000100000000)
  to   space 29696K, 0% used [0x00000000fc600000,0x00000000fc600000,0x00000000fe300000)
 ParOldGen       total 157632K, used 105495K [0x00000000d0000000, 0x00000000d99f0000, 0x00000000f0000000)
  object space 157632K, 66% used [0x00000000d0000000,0x00000000d6705f08,0x00000000d99f0000)
 PSPermGen       total 91712K, used 74912K [0x00000000c0000000, 0x00000000c5990000, 0x00000000d0000000)
  object space 91712K, 81% used [0x00000000c0000000,0x00000000c4928120,0x00000000c5990000)
Event: 22.517 GC heap after
Heap after GC invocations=54 (full 5):
 PSYoungGen      total 222720K, used 19949K [0x00000000f0000000, 0x0000000100000000, 0x0000000100000000)
  eden space 202752K, 0% used [0x00000000f0000000,0x00000000f0000000,0x00000000fc600000)
  from space 19968K, 99% used [0x00000000fc600000,0x00000000fd97b5e8,0x00000000fd980000)
  to   space 30912K, 0% used [0x00000000fe1d0000,0x00000000fe1d0000,0x0000000100000000)
 ParOldGen       total 157632K, used 105495K [0x00000000d0000000, 0x00000000d99f0000, 0x00000000f0000000)
  object space 157632K, 66% used [0x00000000d0000000,0x00000000d6705f08,0x00000000d99f0000)
 PSPermGen       total 91712K, used 74912K [0x00000000c0000000, 0x00000000c5990000, 0x00000000d0000000)
  object space 91712K, 81% used [0x00000000c0000000,0x00000000c4928120,0x00000000c5990000)
}
Event: 22.859 GC heap before
{Heap before GC invocations=55 (full 5):
 PSYoungGen      total 222720K, used 219452K [0x00000000f0000000, 0x0000000100000000, 0x0000000100000000)
  eden space 202752K, 98% used [0x00000000f0000000,0x00000000fc2d3b98,0x00000000fc600000)
  from space 19968K, 99% used [0x00000000fc600000,0x00000000fd97b5e8,0x00000000fd980000)
  to   space 30912K, 0% used [0x00000000fe1d0000,0x00000000fe1d0000,0x0000000100000000)
 ParOldGen       total 157632K, used 105495K [0x00000000d0000000, 0x00000000d99f0000, 0x00000000f0000000)
  object space 157632K, 66% used [0x00000000d0000000,0x00000000d6705f08,0x00000000d99f0000)
 PSPermGen       total 91712K, used 76458K [0x00000000c0000000, 0x00000000c5990000, 0x00000000d0000000)
  object space 91712K, 83% used [0x00000000c0000000,0x00000000c4aaa948,0x00000000c5990000)
Event: 22.879 GC heap after
Heap after GC invocations=55 (full 5):
 PSYoungGen      total 226496K, used 23936K [0x00000000f0000000, 0x0000000100000000, 0x0000000100000000)
  eden space 195584K, 0% used [0x00000000f0000000,0x00000000f0000000,0x00000000fbf00000)
  from space 30912K, 77% used [0x00000000fe1d0000,0x00000000ff9303e0,0x0000000100000000)
  to   space 33280K, 0% used [0x00000000fbf00000,0x00000000fbf00000,0x00000000fdf80000)
 ParOldGen       total 157632K, used 105495K [0x00000000d0000000, 0x00000000d99f0000, 0x00000000f0000000)
  object space 157632K, 66% used [0x00000000d0000000,0x00000000d6705f08,0x00000000d99f0000)
 PSPermGen       total 91712K, used 76458K [0x00000000c0000000, 0x00000000c5990000, 0x00000000d0000000)
  object space 91712K, 83% used [0x00000000c0000000,0x00000000c4aaa948,0x00000000c5990000)
}
Event: 23.051 GC heap before
{Heap before GC invocations=56 (full 5):
 PSYoungGen      total 226496K, used 216783K [0x00000000f0000000, 0x0000000100000000, 0x0000000100000000)
  eden space 195584K, 98% used [0x00000000f0000000,0x00000000fbc53b38,0x00000000fbf00000)
  from space 30912K, 77% used [0x00000000fe1d0000,0x00000000ff9303e0,0x0000000100000000)
  to   space 33280K, 0% used [0x00000000fbf00000,0x00000000fbf00000,0x00000000fdf80000)
 ParOldGen       total 157632K, used 105495K [0x00000000d0000000, 0x00000000d99f0000, 0x00000000f0000000)
  object space 157632K, 66% used [0x00000000d0000000,0x00000000d6705f08,0x00000000d99f0000)
 PSPermGen       total 91712K, used 77233K [0x00000000c0000000, 0x00000000c5990000, 0x00000000d0000000)
  object space 91712K, 84% used [0x00000000c0000000,0x00000000c4b6c6c0,0x00000000c5990000)
Event: 23.071 GC heap after
Heap after GC invocations=56 (full 5):
 PSYoungGen      total 220672K, used 25054K [0x00000000f0000000, 0x0000000100000000, 0x0000000100000000)
  eden space 195584K, 0% used [0x00000000f0000000,0x00000000f0000000,0x00000000fbf00000)
  from space 25088K, 99% used [0x00000000fbf00000,0x00000000fd777980,0x00000000fd780000)
  to   space 35520K, 0% used [0x00000000fdd50000,0x00000000fdd50000,0x0000000100000000)
 ParOldGen       total 157632K, used 105495K [0x00000000d0000000, 0x00000000d99f0000, 0x00000000f0000000)
  object space 157632K, 66% used [0x00000000d0000000,0x00000000d6705f08,0x00000000d99f0000)
 PSPermGen       total 91712K, used 77233K [0x00000000c0000000, 0x00000000c5990000, 0x00000000d0000000)
  object space 91712K, 84% used [0x00000000c0000000,0x00000000c4b6c6c0,0x00000000c5990000)
}

