# JRE version: 7.0_17-b02
# Java VM: Java HotSpot(TM) 64-Bit Server VM (23.7-b01 mixed mode windows-amd64 compressed oops)
Heap
 PSYoungGen      total 249728K, used 221838K [0x00000000f0000000, 0x00000000ffed0000, 0x0000000100000000)
  eden space 239168K, 91% used [0x00000000f0000000,0x00000000fd5163a8,0x00000000fe990000)
  from space 10560K, 34% used [0x00000000ff480000,0x00000000ff80d6e0,0x00000000ffed0000)
  to   space 10880K, 0% used [0x00000000fe990000,0x00000000fe990000,0x00000000ff430000)
 ParOldGen       total 89600K, used 56970K [0x00000000d0000000, 0x00000000d5780000, 0x00000000f0000000)
  object space 89600K, 63% used [0x00000000d0000000,0x00000000d37a2a10,0x00000000d5780000)
 PSPermGen       total 51520K, used 46623K [0x00000000c0000000, 0x00000000c3250000, 0x00000000d0000000)
  object space 51520K, 90% used [0x00000000c0000000,0x00000000c2d87e58,0x00000000c3250000)
GC Heap History (10 events):
Event: 16.708 GC heap before
{Heap before GC invocations=23 (full 4):
 PSYoungGen      total 249984K, used 237777K [0x00000000f0000000, 0x00000000ffef0000, 0x0000000100000000)
  eden space 240320K, 96% used [0x00000000f0000000,0x00000000fe348950,0x00000000feab0000)
  from space 9664K, 52% used [0x00000000ff580000,0x00000000ffa6be68,0x00000000ffef0000)
  to   space 10368K, 0% used [0x00000000feab0000,0x00000000feab0000,0x00000000ff4d0000)
 ParOldGen       total 65280K, used 36617K [0x00000000d0000000, 0x00000000d3fc0000, 0x00000000f0000000)
  object space 65280K, 56% used [0x00000000d0000000,0x00000000d23c2730,0x00000000d3fc0000)
 PSPermGen       total 37888K, used 31712K [0x00000000c0000000, 0x00000000c2500000, 0x00000000d0000000)
  object space 37888K, 83% used [0x00000000c0000000,0x00000000c1ef8328,0x00000000c2500000)
Event: 17.221 GC heap after
Heap after GC invocations=23 (full 4):
 PSYoungGen      total 250688K, used 8294K [0x00000000f0000000, 0x0000000100000000, 0x0000000100000000)
  eden space 240320K, 0% used [0x00000000f0000000,0x00000000f0000000,0x00000000feab0000)
  from space 10368K, 80% used [0x00000000feab0000,0x00000000ff2c99a8,0x00000000ff4d0000)
  to   space 11200K, 0% used [0x00000000ff510000,0x00000000ff510000,0x0000000100000000)
 ParOldGen       total 65280K, used 40340K [0x00000000d0000000, 0x00000000d3fc0000, 0x00000000f0000000)
  object space 65280K, 61% used [0x00000000d0000000,0x00000000d27651b0,0x00000000d3fc0000)
 PSPermGen       total 37888K, used 31712K [0x00000000c0000000, 0x00000000c2500000, 0x00000000d0000000)
  object space 37888K, 83% used [0x00000000c0000000,0x00000000c1ef8328,0x00000000c2500000)
}
Event: 18.528 GC heap before
{Heap before GC invocations=24 (full 4):
 PSYoungGen      total 250688K, used 248614K [0x00000000f0000000, 0x0000000100000000, 0x0000000100000000)
  eden space 240320K, 100% used [0x00000000f0000000,0x00000000feab0000,0x00000000feab0000)
  from space 10368K, 80% used [0x00000000feab0000,0x00000000ff2c99a8,0x00000000ff4d0000)
  to   space 11200K, 0% used [0x00000000ff510000,0x00000000ff510000,0x0000000100000000)
 ParOldGen       total 65280K, used 40340K [0x00000000d0000000, 0x00000000d3fc0000, 0x00000000f0000000)
  object space 65280K, 61% used [0x00000000d0000000,0x00000000d27651b0,0x00000000d3fc0000)
 PSPermGen       total 37888K, used 34688K [0x00000000c0000000, 0x00000000c2500000, 0x00000000d0000000)
  object space 37888K, 91% used [0x00000000c0000000,0x00000000c21e00a0,0x00000000c2500000)
Event: 19.053 GC heap after
Heap after GC invocations=24 (full 4):
 PSYoungGen      total 249792K, used 8035K [0x00000000f0000000, 0x0000000100000000, 0x0000000100000000)
  eden space 238592K, 0% used [0x00000000f0000000,0x00000000f0000000,0x00000000fe900000)
  from space 11200K, 71% used [0x00000000ff510000,0x00000000ffce8c88,0x0000000100000000)
  to   space 11776K, 0% used [0x00000000fe900000,0x00000000fe900000,0x00000000ff480000)
 ParOldGen       total 65280K, used 47119K [0x00000000d0000000, 0x00000000d3fc0000, 0x00000000f0000000)
  object space 65280K, 72% used [0x00000000d0000000,0x00000000d2e03f28,0x00000000d3fc0000)
 PSPermGen       total 37888K, used 34688K [0x00000000c0000000, 0x00000000c2500000, 0x00000000d0000000)
  object space 37888K, 91% used [0x00000000c0000000,0x00000000c21e00a0,0x00000000c2500000)
}
Event: 20.111 GC heap before
{Heap before GC invocations=25 (full 4):
 PSYoungGen      total 249792K, used 246627K [0x00000000f0000000, 0x0000000100000000, 0x0000000100000000)
  eden space 238592K, 100% used [0x00000000f0000000,0x00000000fe900000,0x00000000fe900000)
  from space 11200K, 71% used [0x00000000ff510000,0x00000000ffce8c88,0x0000000100000000)
  to   space 11776K, 0% used [0x00000000fe900000,0x00000000fe900000,0x00000000ff480000)
 ParOldGen       total 65280K, used 47119K [0x00000000d0000000, 0x00000000d3fc0000, 0x00000000f0000000)
  object space 65280K, 72% used [0x00000000d0000000,0x00000000d2e03f28,0x00000000d3fc0000)
 PSPermGen       total 38656K, used 38513K [0x00000000c0000000, 0x00000000c25c0000, 0x00000000d0000000)
  object space 38656K, 99% used [0x00000000c0000000,0x00000000c259c480,0x00000000c25c0000)
Event: 20.162 GC heap after
Heap after GC invocations=25 (full 4):
 PSYoungGen      total 250368K, used 5388K [0x00000000f0000000, 0x00000000fff70000, 0x0000000100000000)
  eden space 238592K, 0% used [0x00000000f0000000,0x00000000f0000000,0x00000000fe900000)
  from space 11776K, 45% used [0x00000000fe900000,0x00000000fee43268,0x00000000ff480000)
  to   space 11200K, 0% used [0x00000000ff480000,0x00000000ff480000,0x00000000fff70000)
 ParOldGen       total 65280K, used 54341K [0x00000000d0000000, 0x00000000d3fc0000, 0x00000000f0000000)
  object space 65280K, 83% used [0x00000000d0000000,0x00000000d3511540,0x00000000d3fc0000)
 PSPermGen       total 38656K, used 38513K [0x00000000c0000000, 0x00000000c25c0000, 0x00000000d0000000)
  object space 38656K, 99% used [0x00000000c0000000,0x00000000c259c480,0x00000000c25c0000)
}
Event: 20.162 GC heap before
{Heap before GC invocations=26 (full 5):
 PSYoungGen      total 250368K, used 5388K [0x00000000f0000000, 0x00000000fff70000, 0x0000000100000000)
  eden space 238592K, 0% used [0x00000000f0000000,0x00000000f0000000,0x00000000fe900000)
  from space 11776K, 45% used [0x00000000fe900000,0x00000000fee43268,0x00000000ff480000)
  to   space 11200K, 0% used [0x00000000ff480000,0x00000000ff480000,0x00000000fff70000)
 ParOldGen       total 65280K, used 54341K [0x00000000d0000000, 0x00000000d3fc0000, 0x00000000f0000000)
  object space 65280K, 83% used [0x00000000d0000000,0x00000000d3511540,0x00000000d3fc0000)
 PSPermGen       total 38656K, used 38513K [0x00000000c0000000, 0x00000000c25c0000, 0x00000000d0000000)
  object space 38656K, 99% used [0x00000000c0000000,0x00000000c259c480,0x00000000c25c0000)
Event: 20.943 GC heap after
Heap after GC invocations=26 (full 5):
 PSYoungGen      total 250368K, used 0K [0x00000000f0000000, 0x00000000fff70000, 0x0000000100000000)
  eden space 238592K, 0% used [0x00000000f0000000,0x00000000f0000000,0x00000000fe900000)
  from space 11776K, 0% used [0x00000000fe900000,0x00000000fe900000,0x00000000ff480000)
  to   space 11200K, 0% used [0x00000000ff480000,0x00000000ff480000,0x00000000fff70000)
 ParOldGen       total 89600K, used 56970K [0x00000000d0000000, 0x00000000d5780000, 0x00000000f0000000)
  object space 89600K, 63% used [0x00000000d0000000,0x00000000d37a2a10,0x00000000d5780000)
 PSPermGen       total 51520K, used 38504K [0x00000000c0000000, 0x00000000c3250000, 0x00000000d0000000)
  object space 51520K, 74% used [0x00000000c0000000,0x00000000c259a328,0x00000000c3250000)
}
Event: 21.894 GC heap before
{Heap before GC invocations=27 (full 5):
 PSYoungGen      total 250368K, used 238592K [0x00000000f0000000, 0x00000000fff70000, 0x0000000100000000)
  eden space 238592K, 100% used [0x00000000f0000000,0x00000000fe900000,0x00000000fe900000)
  from space 11776K, 0% used [0x00000000fe900000,0x00000000fe900000,0x00000000ff480000)
  to   space 11200K, 0% used [0x00000000ff480000,0x00000000ff480000,0x00000000fff70000)
 ParOldGen       total 89600K, used 56970K [0x00000000d0000000, 0x00000000d5780000, 0x00000000f0000000)
  object space 89600K, 63% used [0x00000000d0000000,0x00000000d37a2a10,0x00000000d5780000)
 PSPermGen       total 51520K, used 42624K [0x00000000c0000000, 0x00000000c3250000, 0x00000000d0000000)
  object space 51520K, 82% used [0x00000000c0000000,0x00000000c29a03a8,0x00000000c3250000)
Event: 21.899 GC heap after
Heap after GC invocations=27 (full 5):
 PSYoungGen      total 249728K, used 3637K [0x00000000f0000000, 0x00000000ffed0000, 0x0000000100000000)
  eden space 239168K, 0% used [0x00000000f0000000,0x00000000f0000000,0x00000000fe990000)
  from space 10560K, 34% used [0x00000000ff480000,0x00000000ff80d6e0,0x00000000ffed0000)
  to   space 10880K, 0% used [0x00000000fe990000,0x00000000fe990000,0x00000000ff430000)
 ParOldGen       total 89600K, used 56970K [0x00000000d0000000, 0x00000000d5780000, 0x00000000f0000000)
  object space 89600K, 63% used [0x00000000d0000000,0x00000000d37a2a10,0x00000000d5780000)
 PSPermGen       total 51520K, used 42624K [0x00000000c0000000, 0x00000000c3250000, 0x00000000d0000000)
  object space 51520K, 82% used [0x00000000c0000000,0x00000000c29a03a8,0x00000000c3250000)
}

